#! /usr/bin/vvp
:ivl_version "11.0 (stable)";
:ivl_delay_selection "TYPICAL";
:vpi_time_precision - 12;
:vpi_module "/usr/lib/x86_64-linux-gnu/ivl/system.vpi";
:vpi_module "/usr/lib/x86_64-linux-gnu/ivl/vhdl_sys.vpi";
:vpi_module "/usr/lib/x86_64-linux-gnu/ivl/vhdl_textio.vpi";
:vpi_module "/usr/lib/x86_64-linux-gnu/ivl/v2005_math.vpi";
:vpi_module "/usr/lib/x86_64-linux-gnu/ivl/va_math.vpi";
S_0x556eeee62870 .scope module, "PES_freqdiv_tb" "PES_freqdiv_tb" 2 2;
 .timescale -9 -12;
v0x556eeee80820_0 .var "clk", 0 0;
v0x556eeee808e0_0 .net "clkout", 0 0, L_0x556eeee92350;  1 drivers
v0x556eeee809b0_0 .var "en", 0 0;
v0x556eeee80ab0_0 .var "n", 3 0;
S_0x556eeee62a00 .scope module, "f1" "PES_freqdiv" 2 9, 3 1 0, S_0x556eeee62870;
 .timescale 0 0;
    .port_info 0 /INPUT 1 "en";
    .port_info 1 /INPUT 1 "clkin";
    .port_info 2 /INPUT 4 "n";
    .port_info 3 /OUTPUT 1 "clkout";
L_0x556eeee91b60 .functor AND 1, L_0x556eeee91a20, L_0x556eeee92170, C4<1>, C4<1>;
v0x556eeee260f0_0 .net *"_ivl_0", 31 0, L_0x556eeee80b80;  1 drivers
v0x556eeee7e5d0_0 .net *"_ivl_10", 0 0, L_0x556eeee90e50;  1 drivers
v0x556eeee7e690_0 .net *"_ivl_12", 31 0, L_0x556eeee90fc0;  1 drivers
L_0x7f7554c9f0f0 .functor BUFT 1, C4<0000000000000000000000000000>, C4<0>, C4<0>, C4<0>;
v0x556eeee7e780_0 .net *"_ivl_15", 27 0, L_0x7f7554c9f0f0;  1 drivers
v0x556eeee7e860_0 .net *"_ivl_16", 31 0, L_0x556eeee91110;  1 drivers
L_0x7f7554c9f138 .functor BUFT 1, C4<0000000000000000000000000000>, C4<0>, C4<0>, C4<0>;
v0x556eeee7e990_0 .net *"_ivl_19", 27 0, L_0x7f7554c9f138;  1 drivers
L_0x7f7554c9f180 .functor BUFT 1, C4<00000000000000000000000000000010>, C4<0>, C4<0>, C4<0>;
v0x556eeee7ea70_0 .net/2u *"_ivl_20", 31 0, L_0x7f7554c9f180;  1 drivers
v0x556eeee7eb50_0 .net *"_ivl_22", 31 0, L_0x556eeee91280;  1 drivers
v0x556eeee7ec30_0 .net *"_ivl_24", 0 0, L_0x556eeee91400;  1 drivers
v0x556eeee7ecf0_0 .net *"_ivl_26", 31 0, L_0x556eeee91540;  1 drivers
L_0x7f7554c9f1c8 .functor BUFT 1, C4<0000000000000000000000000000>, C4<0>, C4<0>, C4<0>;
v0x556eeee7edd0_0 .net *"_ivl_29", 27 0, L_0x7f7554c9f1c8;  1 drivers
L_0x7f7554c9f018 .functor BUFT 1, C4<0000000000000000000000000000>, C4<0>, C4<0>, C4<0>;
v0x556eeee7eeb0_0 .net *"_ivl_3", 27 0, L_0x7f7554c9f018;  1 drivers
v0x556eeee7ef90_0 .net *"_ivl_30", 31 0, L_0x556eeee916d0;  1 drivers
L_0x7f7554c9f210 .functor BUFT 1, C4<0000000000000000000000000000>, C4<0>, C4<0>, C4<0>;
v0x556eeee7f070_0 .net *"_ivl_33", 27 0, L_0x7f7554c9f210;  1 drivers
L_0x7f7554c9f258 .functor BUFT 1, C4<00000000000000000000000000000010>, C4<0>, C4<0>, C4<0>;
v0x556eeee7f150_0 .net/2u *"_ivl_34", 31 0, L_0x7f7554c9f258;  1 drivers
v0x556eeee7f230_0 .net *"_ivl_36", 31 0, L_0x556eeee91770;  1 drivers
L_0x7f7554c9f2a0 .functor BUFT 1, C4<00000000000000000000000000000001>, C4<0>, C4<0>, C4<0>;
v0x556eeee7f310_0 .net/2u *"_ivl_38", 31 0, L_0x7f7554c9f2a0;  1 drivers
L_0x7f7554c9f060 .functor BUFT 1, C4<00000000000000000000000000000010>, C4<0>, C4<0>, C4<0>;
v0x556eeee7f3f0_0 .net/2u *"_ivl_4", 31 0, L_0x7f7554c9f060;  1 drivers
v0x556eeee7f4d0_0 .net *"_ivl_40", 31 0, L_0x556eeee918c0;  1 drivers
v0x556eeee7f5b0_0 .net *"_ivl_42", 0 0, L_0x556eeee91a20;  1 drivers
v0x556eeee7f670_0 .net *"_ivl_44", 31 0, L_0x556eeee91bd0;  1 drivers
L_0x7f7554c9f2e8 .functor BUFT 1, C4<0000000000000000000000000000>, C4<0>, C4<0>, C4<0>;
v0x556eeee7f750_0 .net *"_ivl_47", 27 0, L_0x7f7554c9f2e8;  1 drivers
v0x556eeee7f830_0 .net *"_ivl_48", 31 0, L_0x556eeee91cc0;  1 drivers
L_0x7f7554c9f330 .functor BUFT 1, C4<0000000000000000000000000000>, C4<0>, C4<0>, C4<0>;
v0x556eeee7f910_0 .net *"_ivl_51", 27 0, L_0x7f7554c9f330;  1 drivers
L_0x7f7554c9f378 .functor BUFT 1, C4<00000000000000000000000000000010>, C4<0>, C4<0>, C4<0>;
v0x556eeee7f9f0_0 .net/2u *"_ivl_52", 31 0, L_0x7f7554c9f378;  1 drivers
v0x556eeee7fad0_0 .net *"_ivl_54", 31 0, L_0x556eeee91e30;  1 drivers
L_0x7f7554c9f3c0 .functor BUFT 1, C4<00000000000000000000000000000001>, C4<0>, C4<0>, C4<0>;
v0x556eeee7fbb0_0 .net/2u *"_ivl_56", 31 0, L_0x7f7554c9f3c0;  1 drivers
v0x556eeee7fc90_0 .net *"_ivl_58", 31 0, L_0x556eeee91fa0;  1 drivers
v0x556eeee7fd70_0 .net *"_ivl_6", 31 0, L_0x556eeee90ce0;  1 drivers
v0x556eeee7fe50_0 .net *"_ivl_60", 0 0, L_0x556eeee92170;  1 drivers
v0x556eeee7ff10_0 .net *"_ivl_63", 0 0, L_0x556eeee91b60;  1 drivers
L_0x7f7554c9f0a8 .functor BUFT 1, C4<00000000000000000000000000000000>, C4<0>, C4<0>, C4<0>;
v0x556eeee7ffd0_0 .net/2u *"_ivl_8", 31 0, L_0x7f7554c9f0a8;  1 drivers
v0x556eeee800b0_0 .net "clkin", 0 0, v0x556eeee80820_0;  1 drivers
v0x556eeee80380_0 .net "clkout", 0 0, L_0x556eeee92350;  alias, 1 drivers
v0x556eeee80440_0 .net "en", 0 0, v0x556eeee809b0_0;  1 drivers
v0x556eeee80500_0 .net "n", 3 0, v0x556eeee80ab0_0;  1 drivers
v0x556eeee805e0_0 .var "nc", 3 0;
v0x556eeee806c0_0 .var "pc", 3 0;
E_0x556eeee5f440 .event negedge, v0x556eeee800b0_0;
E_0x556eeee5f120 .event posedge, v0x556eeee800b0_0;
L_0x556eeee80b80 .concat [ 4 28 0 0], v0x556eeee80ab0_0, L_0x7f7554c9f018;
L_0x556eeee90ce0 .arith/mod 32, L_0x556eeee80b80, L_0x7f7554c9f060;
L_0x556eeee90e50 .cmp/eq 32, L_0x556eeee90ce0, L_0x7f7554c9f0a8;
L_0x556eeee90fc0 .concat [ 4 28 0 0], v0x556eeee806c0_0, L_0x7f7554c9f0f0;
L_0x556eeee91110 .concat [ 4 28 0 0], v0x556eeee80ab0_0, L_0x7f7554c9f138;
L_0x556eeee91280 .arith/div 32, L_0x556eeee91110, L_0x7f7554c9f180;
L_0x556eeee91400 .cmp/gt 32, L_0x556eeee91280, L_0x556eeee90fc0;
L_0x556eeee91540 .concat [ 4 28 0 0], v0x556eeee806c0_0, L_0x7f7554c9f1c8;
L_0x556eeee916d0 .concat [ 4 28 0 0], v0x556eeee80ab0_0, L_0x7f7554c9f210;
L_0x556eeee91770 .arith/div 32, L_0x556eeee916d0, L_0x7f7554c9f258;
L_0x556eeee918c0 .arith/sum 32, L_0x556eeee91770, L_0x7f7554c9f2a0;
L_0x556eeee91a20 .cmp/gt 32, L_0x556eeee918c0, L_0x556eeee91540;
L_0x556eeee91bd0 .concat [ 4 28 0 0], v0x556eeee805e0_0, L_0x7f7554c9f2e8;
L_0x556eeee91cc0 .concat [ 4 28 0 0], v0x556eeee80ab0_0, L_0x7f7554c9f330;
L_0x556eeee91e30 .arith/div 32, L_0x556eeee91cc0, L_0x7f7554c9f378;
L_0x556eeee91fa0 .arith/sum 32, L_0x556eeee91e30, L_0x7f7554c9f3c0;
L_0x556eeee92170 .cmp/gt 32, L_0x556eeee91fa0, L_0x556eeee91bd0;
L_0x556eeee92350 .functor MUXZ 1, L_0x556eeee91b60, L_0x556eeee91400, L_0x556eeee90e50, C4<>;
    .scope S_0x556eeee62a00;
T_0 ;
    %wait E_0x556eeee5f120;
    %load/vec4 v0x556eeee80440_0;
    %pad/u 32;
    %cmpi/e 1, 0, 32;
    %jmp/0xz  T_0.0, 4;
    %load/vec4 v0x556eeee806c0_0;
    %pad/u 32;
    %load/vec4 v0x556eeee80500_0;
    %pad/u 32;
    %subi 1, 0, 32;
    %cmp/u;
    %jmp/0xz  T_0.2, 5;
    %load/vec4 v0x556eeee806c0_0;
    %addi 1, 0, 4;
    %assign/vec4 v0x556eeee806c0_0, 0;
    %jmp T_0.3;
T_0.2 ;
    %pushi/vec4 0, 0, 4;
    %assign/vec4 v0x556eeee806c0_0, 0;
T_0.3 ;
    %jmp T_0.1;
T_0.0 ;
    %pushi/vec4 0, 0, 4;
    %assign/vec4 v0x556eeee806c0_0, 0;
T_0.1 ;
    %jmp T_0;
    .thread T_0;
    .scope S_0x556eeee62a00;
T_1 ;
    %wait E_0x556eeee5f440;
    %load/vec4 v0x556eeee80440_0;
    %pad/u 32;
    %cmpi/e 1, 0, 32;
    %jmp/0xz  T_1.0, 4;
    %load/vec4 v0x556eeee805e0_0;
    %pad/u 32;
    %load/vec4 v0x556eeee80500_0;
    %pad/u 32;
    %subi 1, 0, 32;
    %cmp/u;
    %jmp/0xz  T_1.2, 5;
    %load/vec4 v0x556eeee805e0_0;
    %addi 1, 0, 4;
    %assign/vec4 v0x556eeee805e0_0, 0;
    %jmp T_1.3;
T_1.2 ;
    %pushi/vec4 0, 0, 4;
    %assign/vec4 v0x556eeee805e0_0, 0;
T_1.3 ;
    %jmp T_1.1;
T_1.0 ;
    %pushi/vec4 0, 0, 4;
    %assign/vec4 v0x556eeee805e0_0, 0;
T_1.1 ;
    %jmp T_1;
    .thread T_1;
    .scope S_0x556eeee62870;
T_2 ;
    %pushi/vec4 0, 0, 1;
    %store/vec4 v0x556eeee80820_0, 0, 1;
    %pushi/vec4 0, 0, 1;
    %store/vec4 v0x556eeee809b0_0, 0, 1;
    %pushi/vec4 3, 0, 4;
    %store/vec4 v0x556eeee80ab0_0, 0, 4;
    %vpi_call 2 16 "$dumpfile", "PES_freqdiv_vcd.vcd" {0 0 0};
    %vpi_call 2 17 "$dumpvars", 32'sb00000000000000000000000000000000, S_0x556eeee62870 {0 0 0};
T_2.0 ;
    %delay 10000, 0;
    %load/vec4 v0x556eeee80820_0;
    %inv;
    %store/vec4 v0x556eeee80820_0, 0, 1;
    %jmp T_2.0;
    %end;
    .thread T_2;
    .scope S_0x556eeee62870;
T_3 ;
    %delay 40000, 0;
    %pushi/vec4 1, 0, 1;
    %store/vec4 v0x556eeee809b0_0, 0, 1;
    %delay 340000, 0;
    %pushi/vec4 4, 0, 4;
    %store/vec4 v0x556eeee80ab0_0, 0, 4;
    %delay 440000, 0;
    %pushi/vec4 11, 0, 4;
    %store/vec4 v0x556eeee80ab0_0, 0, 4;
    %delay 1100000, 0;
    %pushi/vec4 6, 0, 4;
    %store/vec4 v0x556eeee80ab0_0, 0, 4;
    %delay 640000, 0;
    %vpi_call 2 32 "$finish" {0 0 0};
    %end;
    .thread T_3;
# The file index is used to find the file name in the following table.
:file_names 4;
    "N/A";
    "<interactive>";
    "PES_freqdiv_tb.v";
    "PES_freqdiv.v";
